<?xml version="1.0" encoding="UTF-8"?>
<!-- Generated by org.testng.reporters.JUnitReportReporter -->
<testsuite hostname="DESKTOP-RHUQEHV" failures="0" tests="1" name="testcases.T01_homepageValidation" time="11.985" errors="0" timestamp="2020-12-08T14:51:07 EST" skipped="0">
  <testcase classname="testcases.T01_homepageValidation" name="homepageValidation" time="11.985"/>
  <system-out/>
</testsuite> <!-- testcases.T01_homepageValidation -->
